<?xml version="1.0" encoding="UTF-8"?>
<!-- Generated by org.testng.reporters.JUnitXMLReporter -->
<testsuite hostname="LIN34001428" ignored="2" name="Negavtive Test" tests="1" failures="0" timestamp="10 May 2018 18:32:41 GMT" time="12.85" errors="0">
  <testcase name="verifyNegativeString" time="5.278" classname="com.seleniummavenproject.test.BaseTest"/>
  <testcase name="verifyCapgemini" time="0.0" classname="com.seleniummavenproject.test.BaseTest">
    <ignored/>
  </testcase> <!-- verifyCapgemini -->
  <testcase name="VerifyMainPageRendered" time="0.0" classname="com.seleniummavenproject.test.BaseTest">
    <ignored/>
  </testcase> <!-- VerifyMainPageRendered -->
</testsuite> <!-- Negavtive Test -->
