<?xml version="1.0" encoding="UTF-8"?>
<!-- Generated by org.testng.reporters.JUnitXMLReporter -->
<testsuite hostname="LIN34001428" ignored="2" name="Verify 4 Sections Rendered in Main Page" tests="1" failures="0" timestamp="14 May 2018 05:44:21 GMT" time="8.612" errors="0">
  <testcase name="VerifyMainPageRendered" time="3.165" classname="com.seleniummavenproject.test.BaseTest"/>
  <testcase name="verifyCapgemini" time="0.0" classname="com.seleniummavenproject.test.BaseTest">
    <ignored/>
  </testcase> <!-- verifyCapgemini -->
  <testcase name="verifyNegativeString" time="0.0" classname="com.seleniummavenproject.test.BaseTest">
    <ignored/>
  </testcase> <!-- verifyNegativeString -->
</testsuite> <!-- Verify 4 Sections Rendered in Main Page -->
